2017-07-21 09:29:18,682 [Worker-2] INFO  c.g.t.t.d.PublishedGradleVersions - Gradle version information cache is out-of-date. Trying to update.
2017-07-21 09:31:14,073 [ModalContext] INFO  o.e.m.c.i.l.LifecycleMappingFactory - Using org.eclipse.m2e.jdt.JarLifecycleMapping lifecycle mapping for MavenProject: com.ninja.alexa.skill:kitchen:4.0.0 @ /Users/rohagraw/workspace/AlexaHack/AlexaKitchenSkill/pom.xml.
2017-07-21 09:31:14,424 [ModalContext] INFO  o.e.m.j.i.AbstractJavaProjectConfigurator - Adding source folder /AlexaKitchenSkill/src/main/java
2017-07-21 09:31:14,426 [ModalContext] INFO  o.e.m.j.i.AbstractJavaProjectConfigurator - Adding resource folder /AlexaKitchenSkill/src/main/resources
2017-07-21 09:31:14,427 [ModalContext] INFO  o.e.m.j.i.AbstractJavaProjectConfigurator - Adding source folder /AlexaKitchenSkill/src/test/java
2017-07-21 09:31:14,427 [ModalContext] INFO  o.e.m.j.i.AbstractJavaProjectConfigurator - Adding resource folder /AlexaKitchenSkill/src/test/resources
2017-07-21 09:31:18,209 [Worker-10] INFO  o.e.m.c.i.p.ProjectConfigurationManager - Update started
2017-07-21 09:31:19,186 [Worker-10] INFO  o.e.m.c.i.l.LifecycleMappingFactory - Using org.eclipse.m2e.jdt.JarLifecycleMapping lifecycle mapping for MavenProject: com.ninja.alexa.skill:kitchen:1.0.0 @ /Users/rohagraw/workspace/AlexaHack/AlexaKitchenSkill/pom.xml.
2017-07-21 09:31:19,656 [Worker-10] INFO  o.e.m.c.i.e.AbstractTransferListenerAdapter - Downloading https://repo.maven.apache.org/maven2/org/mockito/mockito-core/2.7.22/mockito-core-2.7.22.pom
2017-07-21 09:31:19,714 [Worker-10] INFO  o.e.m.c.i.e.AbstractTransferListenerAdapter - Downloaded https://repo.maven.apache.org/maven2/org/mockito/mockito-core/2.7.22/mockito-core-2.7.22.pom
2017-07-21 09:31:19,728 [Worker-10] INFO  o.e.m.c.i.e.AbstractTransferListenerAdapter - Downloading https://repo.maven.apache.org/maven2/net/bytebuddy/byte-buddy/1.6.11/byte-buddy-1.6.11.pom
2017-07-21 09:31:19,739 [Worker-10] INFO  o.e.m.c.i.e.AbstractTransferListenerAdapter - Downloaded https://repo.maven.apache.org/maven2/net/bytebuddy/byte-buddy/1.6.11/byte-buddy-1.6.11.pom
2017-07-21 09:31:19,747 [Worker-10] INFO  o.e.m.c.i.e.AbstractTransferListenerAdapter - Downloading https://repo.maven.apache.org/maven2/net/bytebuddy/byte-buddy-parent/1.6.11/byte-buddy-parent-1.6.11.pom
2017-07-21 09:31:19,759 [Worker-10] INFO  o.e.m.c.i.e.AbstractTransferListenerAdapter - Downloaded https://repo.maven.apache.org/maven2/net/bytebuddy/byte-buddy-parent/1.6.11/byte-buddy-parent-1.6.11.pom
2017-07-21 09:31:19,773 [Worker-10] INFO  o.e.m.c.i.e.AbstractTransferListenerAdapter - Downloading https://repo.maven.apache.org/maven2/net/bytebuddy/byte-buddy-agent/1.6.11/byte-buddy-agent-1.6.11.pom
2017-07-21 09:31:19,782 [Worker-10] INFO  o.e.m.c.i.e.AbstractTransferListenerAdapter - Downloaded https://repo.maven.apache.org/maven2/net/bytebuddy/byte-buddy-agent/1.6.11/byte-buddy-agent-1.6.11.pom
2017-07-21 09:31:19,792 [Worker-10] INFO  o.e.m.c.i.e.AbstractTransferListenerAdapter - Downloading https://repo.maven.apache.org/maven2/org/objenesis/objenesis/2.5/objenesis-2.5.pom
2017-07-21 09:31:19,797 [Worker-10] INFO  o.e.m.c.i.e.AbstractTransferListenerAdapter - Downloaded https://repo.maven.apache.org/maven2/org/objenesis/objenesis/2.5/objenesis-2.5.pom
2017-07-21 09:31:19,810 [Worker-10] INFO  o.e.m.c.i.e.AbstractTransferListenerAdapter - Downloading https://repo.maven.apache.org/maven2/org/objenesis/objenesis-parent/2.5/objenesis-parent-2.5.pom
2017-07-21 09:31:19,819 [Worker-10] INFO  o.e.m.c.i.e.AbstractTransferListenerAdapter - Downloaded https://repo.maven.apache.org/maven2/org/objenesis/objenesis-parent/2.5/objenesis-parent-2.5.pom
2017-07-21 09:31:20,048 [Worker-10] INFO  o.e.m.c.i.e.AbstractTransferListenerAdapter - Downloading https://repo.maven.apache.org/maven2/org/mockito/mockito-core/2.7.22/mockito-core-2.7.22.jar
2017-07-21 09:31:20,195 [Worker-10] INFO  o.e.m.c.i.e.AbstractTransferListenerAdapter - Downloaded https://repo.maven.apache.org/maven2/org/mockito/mockito-core/2.7.22/mockito-core-2.7.22.jar
2017-07-21 09:31:20,204 [Worker-10] INFO  o.e.m.c.i.e.AbstractTransferListenerAdapter - Downloading https://repo.maven.apache.org/maven2/net/bytebuddy/byte-buddy/1.6.11/byte-buddy-1.6.11.jar
2017-07-21 09:31:20,653 [Worker-10] INFO  o.e.m.c.i.e.AbstractTransferListenerAdapter - Downloaded https://repo.maven.apache.org/maven2/net/bytebuddy/byte-buddy/1.6.11/byte-buddy-1.6.11.jar
2017-07-21 09:31:20,707 [Worker-10] INFO  o.e.m.c.i.e.AbstractTransferListenerAdapter - Downloading https://repo.maven.apache.org/maven2/net/bytebuddy/byte-buddy-agent/1.6.11/byte-buddy-agent-1.6.11.jar
2017-07-21 09:31:20,714 [Worker-10] INFO  o.e.m.c.i.e.AbstractTransferListenerAdapter - Downloaded https://repo.maven.apache.org/maven2/net/bytebuddy/byte-buddy-agent/1.6.11/byte-buddy-agent-1.6.11.jar
2017-07-21 09:31:20,722 [Worker-10] INFO  o.e.m.c.i.e.AbstractTransferListenerAdapter - Downloading https://repo.maven.apache.org/maven2/org/objenesis/objenesis/2.5/objenesis-2.5.jar
2017-07-21 09:31:20,733 [Worker-10] INFO  o.e.m.c.i.e.AbstractTransferListenerAdapter - Downloaded https://repo.maven.apache.org/maven2/org/objenesis/objenesis/2.5/objenesis-2.5.jar
2017-07-21 09:31:21,202 [Worker-10] INFO  o.e.m.j.i.AbstractJavaProjectConfigurator - Adding source folder /AlexaKitchenSkill/src/main/java
2017-07-21 09:31:21,202 [Worker-10] INFO  o.e.m.j.i.AbstractJavaProjectConfigurator - Adding resource folder /AlexaKitchenSkill/src/main/resources
2017-07-21 09:31:21,205 [Worker-10] INFO  o.e.m.j.i.AbstractJavaProjectConfigurator - Adding source folder /AlexaKitchenSkill/src/test/java
2017-07-21 09:31:21,206 [Worker-10] INFO  o.e.m.j.i.AbstractJavaProjectConfigurator - Adding resource folder /AlexaKitchenSkill/src/test/resources
2017-07-21 09:31:21,463 [Worker-10] INFO  o.e.m.c.i.p.ProjectConfigurationManager - Update completed: 3 sec
2017-07-21 09:31:28,016 [Worker-1] WARN  o.e.m.c.i.embedder.EclipseLogger - Using platform encoding (UTF-8 actually) to copy filtered resources, i.e. build is platform dependent!
2017-07-21 09:31:28,032 [Worker-1] INFO  o.e.m.c.i.embedder.EclipseLogger - Copying 0 resource
2017-07-21 09:31:28,034 [Worker-1] WARN  o.e.m.c.i.embedder.EclipseLogger - Using platform encoding (UTF-8 actually) to copy filtered resources, i.e. build is platform dependent!
2017-07-21 09:31:28,035 [Worker-1] INFO  o.e.m.c.i.embedder.EclipseLogger - Copying 1 resource
2017-07-21 09:31:40,199 [Worker-6] INFO  o.e.m.c.i.l.LifecycleMappingFactory - Using org.eclipse.m2e.jdt.JarLifecycleMapping lifecycle mapping for MavenProject: com.ninja.alexa.skill:kitchen:1.0.0 @ /Users/rohagraw/workspace/AlexaHack/AlexaKitchenSkill/pom.xml.
2017-07-21 09:31:40,495 [Worker-6] WARN  o.e.m.c.i.embedder.EclipseLogger - Using platform encoding (UTF-8 actually) to copy filtered resources, i.e. build is platform dependent!
2017-07-21 09:31:40,498 [Worker-6] INFO  o.e.m.c.i.embedder.EclipseLogger - Copying 0 resource
2017-07-21 09:31:40,500 [Worker-6] WARN  o.e.m.c.i.embedder.EclipseLogger - Using platform encoding (UTF-8 actually) to copy filtered resources, i.e. build is platform dependent!
2017-07-21 09:31:40,502 [Worker-6] INFO  o.e.m.c.i.embedder.EclipseLogger - Copying 0 resource
2017-07-21 09:31:43,816 [main] INFO  o.e.m2e.actions.ExecutePomAction - Creating new launch configuration
2017-07-21 09:32:01,099 [Worker-10] INFO  o.e.m.i.launch.MavenLaunchDelegate - /Users/rohagraw/workspace/AlexaHack/AlexaKitchenSkill
2017-07-21 09:32:01,100 [Worker-10] INFO  o.e.m.i.launch.MavenLaunchDelegate -  mvn -B -Dmaven.test.skip=true -DskipTests eclipse:clean eclipse:eclipse clean install
2017-07-21 09:40:48,257 [Worker-4] INFO  c.g.t.t.d.PublishedGradleVersions - Gradle version information cache is up-to-date. Trying to read.
2017-07-21 09:41:14,556 [main] INFO  o.e.m2e.actions.ExecutePomAction - Using existing launch configuration
2017-07-21 09:41:14,693 [Worker-28] INFO  o.e.m.i.launch.MavenLaunchDelegate - /Users/rohagraw/workspace/AlexaHackathon/AlexaHack/AlexaKitchenSkill
2017-07-21 09:41:14,697 [Worker-28] INFO  o.e.m.i.launch.MavenLaunchDelegate -  mvn -B -Dmaven.test.skip=true -DskipTests eclipse:clean eclipse:eclipse clean install
